<?xml version="1.0" encoding="UTF-8"?>
<testsuite xmlns:xsi="http://www.w3.org/2001/XMLSchema-instance" xsi:noNamespaceSchemaLocation="https://maven.apache.org/surefire/maven-surefire-plugin/xsd/surefire-test-report.xsd" name="tddtask.TestEmail" time="0.078" tests="6" errors="5" skipped="1" failures="0">
  <properties>
[...]
</properties>
  <testcase name="testValidSubjectChars" classname="tddtask.TestEmail" time="0.033">
    <error type="java.lang.NullPointerException">java.lang.NullPointerException
	at tddtask.TestEmail.testValidSubjectChars(TestEmail.java:49)
</error>
    <system-out><![CDATA[This will execute before all tests
This will execute before every test
This will execute after every test
]]></system-out>
  </testcase>
  <testcase name="testValidEmailID" classname="tddtask.TestEmail" time="0.015">
    <error type="java.lang.NullPointerException">java.lang.NullPointerException
	at tddtask.TestEmail.testValidEmailID(TestEmail.java:32)
</error>
    <system-out><![CDATA[This will execute before every test
This will execute after every test
]]></system-out>
  </testcase>
  <testcase name="testBody" classname="tddtask.TestEmail" time="0">
    <skipped/>
  </testcase>
  <testcase name="testSendEmail" classname="tddtask.TestEmail" time="0.005">
    <error type="java.lang.NullPointerException">java.lang.NullPointerException
	at tddtask.TestEmail.testSendEmail(TestEmail.java:80)
</error>
    <system-out><![CDATA[This will execute before every test
This will execute after every test
]]></system-out>
  </testcase>
  <testcase name="testAttachment" classname="tddtask.TestEmail" time="0.005">
    <error type="java.lang.NullPointerException">java.lang.NullPointerException
	at tddtask.TestEmail.testAttachment(TestEmail.java:72)
</error>
    <system-out><![CDATA[This will execute before every test
This will execute after every test
]]></system-out>
  </testcase>
  <testcase name="testSubjectLength" classname="tddtask.TestEmail" time="0.006">
    <error type="java.lang.NullPointerException">java.lang.NullPointerException
	at tddtask.TestEmail.testSubjectLength(TestEmail.java:39)
</error>
    <system-out><![CDATA[This will execute before every test
This will execute after every test
]]></system-out>
  </testcase>
</testsuite>